<?xml version="1.0" encoding="UTF-8"?>
<coverage generated="1694657803231" clover="3.2.0">
  <project timestamp="1694657803231" name="All files">
    <metrics statements="13" coveredstatements="13" conditionals="2" coveredconditionals="0" methods="4" coveredmethods="4" elements="19" coveredelements="17" complexity="0" loc="13" ncloc="13" packages="1" files="1" classes="1"/>
    <file name="database.ts" path="/home/leo/Leo/challenge/kukac-challenge/backend/src/database/database.ts">
      <metrics statements="13" coveredstatements="13" conditionals="2" coveredconditionals="0" methods="4" coveredmethods="4"/>
      <line num="1" count="1" type="stmt"/>
      <line num="2" count="1" type="stmt"/>
      <line num="5" count="1" type="stmt"/>
      <line num="7" count="4" type="stmt"/>
      <line num="8" count="4" type="stmt"/>
      <line num="10" count="4" type="stmt"/>
      <line num="13" count="4" type="stmt"/>
      <line num="14" count="4" type="cond" truecount="0" falsecount="2"/>
      <line num="16" count="4" type="stmt"/>
      <line num="22" count="4" type="stmt"/>
      <line num="27" count="4" type="stmt"/>
      <line num="29" count="4" type="stmt"/>
      <line num="32" count="1" type="stmt"/>
    </file>
  </project>
</coverage>
