{"/home/leo/Leo/challenge/kukac-challenge/backend/src/errors/error.ts": {"path":"/home/leo/Leo/challenge/kukac-challenge/backend/src/errors/error.ts","statementMap":{"0":{"start":{"line":5,"column":20},"end":{"line":7,"column":1}},"1":{"start":{"line":6,"column":2},"end":{"line":6,"column":null}},"2":{"start":{"line":9,"column":0},"end":{"line":9,"column":27}}},"fnMap":{"0":{"name":"(anonymous_0)","decl":{"start":{"line":5,"column":20},"end":{"line":5,"column":21}},"loc":{"start":{"line":5,"column":61},"end":{"line":7,"column":1}}}},"branchMap":{},"s":{"0":1,"1":2,"2":1},"f":{"0":2},"b":{}}
,"/home/leo/Leo/challenge/kukac-challenge/backend/src/services/palindrome.service.ts": {"path":"/home/leo/Leo/challenge/kukac-challenge/backend/src/services/palindrome.service.ts","statementMap":{"0":{"start":{"line":1,"column":0},"end":{"line":1,"column":42}},"1":{"start":{"line":3,"column":23},"end":{"line":34,"column":2}},"2":{"start":{"line":3,"column":62},"end":{"line":34,"column":2}},"3":{"start":{"line":4,"column":27},"end":{"line":4,"column":29}},"4":{"start":{"line":6,"column":2},"end":{"line":12,"column":null}},"5":{"start":{"line":7,"column":4},"end":{"line":11,"column":7}},"6":{"start":{"line":14,"column":2},"end":{"line":20,"column":null}},"7":{"start":{"line":14,"column":19},"end":{"line":14,"column":26}},"8":{"start":{"line":15,"column":27},"end":{"line":15,"column":72}},"9":{"start":{"line":17,"column":4},"end":{"line":19,"column":null}},"10":{"start":{"line":18,"column":6},"end":{"line":18,"column":35}},"11":{"start":{"line":22,"column":2},"end":{"line":28,"column":null}},"12":{"start":{"line":23,"column":4},"end":{"line":27,"column":7}},"13":{"start":{"line":30,"column":2},"end":{"line":33,"column":4}},"14":{"start":{"line":36,"column":0},"end":{"line":36,"column":34}}},"fnMap":{"0":{"name":"(anonymous_8)","decl":{"start":{"line":3,"column":23},"end":{"line":3,"column":30}},"loc":{"start":{"line":3,"column":62},"end":{"line":34,"column":2}}},"1":{"name":"(anonymous_9)","decl":{"start":{"line":3,"column":62},"end":{"line":3,"column":null}},"loc":{"start":{"line":3,"column":62},"end":{"line":34,"column":1}}}},"branchMap":{"0":{"loc":{"start":{"line":6,"column":2},"end":{"line":12,"column":null}},"type":"if","locations":[{"start":{"line":6,"column":2},"end":{"line":12,"column":null}}]},"1":{"loc":{"start":{"line":6,"column":6},"end":{"line":6,"column":30}},"type":"binary-expr","locations":[{"start":{"line":6,"column":6},"end":{"line":6,"column":18}},{"start":{"line":6,"column":22},"end":{"line":6,"column":30}}]},"2":{"loc":{"start":{"line":17,"column":4},"end":{"line":19,"column":null}},"type":"if","locations":[{"start":{"line":17,"column":4},"end":{"line":19,"column":null}}]},"3":{"loc":{"start":{"line":22,"column":2},"end":{"line":28,"column":null}},"type":"if","locations":[{"start":{"line":22,"column":2},"end":{"line":28,"column":null}}]}},"s":{"0":1,"1":1,"2":3,"3":3,"4":3,"5":1,"6":2,"7":2,"8":15,"9":15,"10":1,"11":2,"12":1,"13":1,"14":1},"f":{"0":3,"1":3},"b":{"0":[1],"1":[3,3],"2":[1],"3":[1]}}
}
