{"/home/leo/Leo/challenge/kukac-challenge/backend/src/services/zipcode.service.ts": {"path":"/home/leo/Leo/challenge/kukac-challenge/backend/src/services/zipcode.service.ts","statementMap":{"0":{"start":{"line":1,"column":0},"end":{"line":1,"column":54}},"1":{"start":{"line":3,"column":20},"end":{"line":20,"column":2}},"2":{"start":{"line":3,"column":46},"end":{"line":20,"column":2}},"3":{"start":{"line":4,"column":19},"end":{"line":15,"column":4}},"4":{"start":{"line":4,"column":44},"end":{"line":15,"column":4}},"5":{"start":{"line":5,"column":21},"end":{"line":5,"column":62}},"6":{"start":{"line":7,"column":4},"end":{"line":12,"column":null}},"7":{"start":{"line":8,"column":6},"end":{"line":11,"column":8}},"8":{"start":{"line":14,"column":4},"end":{"line":14,"column":16}},"9":{"start":{"line":17,"column":19},"end":{"line":17,"column":46}},"10":{"start":{"line":19,"column":2},"end":{"line":19,"column":18}},"11":{"start":{"line":22,"column":0},"end":{"line":22,"column":31}}},"fnMap":{"0":{"name":"(anonymous_8)","decl":{"start":{"line":3,"column":20},"end":{"line":3,"column":27}},"loc":{"start":{"line":3,"column":46},"end":{"line":20,"column":2}}},"1":{"name":"(anonymous_9)","decl":{"start":{"line":3,"column":46},"end":{"line":3,"column":null}},"loc":{"start":{"line":3,"column":46},"end":{"line":20,"column":1}}},"2":{"name":"(anonymous_10)","decl":{"start":{"line":4,"column":29},"end":{"line":4,"column":36}},"loc":{"start":{"line":4,"column":44},"end":{"line":15,"column":4}}},"3":{"name":"(anonymous_11)","decl":{"start":{"line":4,"column":44},"end":{"line":4,"column":null}},"loc":{"start":{"line":4,"column":44},"end":{"line":15,"column":3}}}},"branchMap":{"0":{"loc":{"start":{"line":7,"column":4},"end":{"line":12,"column":null}},"type":"if","locations":[{"start":{"line":7,"column":4},"end":{"line":12,"column":null}}]}},"s":{"0":1,"1":1,"2":1,"3":1,"4":5,"5":5,"6":5,"7":0,"8":5,"9":1,"10":1,"11":1},"f":{"0":1,"1":1,"2":5,"3":5},"b":{"0":[0]}}
,"/home/leo/Leo/challenge/kukac-challenge/backend/src/utils/zipcode.request.ts": {"path":"/home/leo/Leo/challenge/kukac-challenge/backend/src/utils/zipcode.request.ts","statementMap":{"0":{"start":{"line":1,"column":0},"end":{"line":1,"column":26}},"1":{"start":{"line":3,"column":16},"end":{"line":3,"column":43}},"2":{"start":{"line":5,"column":23},"end":{"line":7,"column":2}},"3":{"start":{"line":9,"column":0},"end":{"line":9,"column":30}}},"fnMap":{},"branchMap":{},"s":{"0":1,"1":1,"2":1,"3":1},"f":{},"b":{}}
}
